<?xml version="1.0" encoding="UTF-8"?>
<!-- Generated by org.testng.reporters.JUnitXMLReporter -->
<testsuite hostname="LAPTOP-3NPM5AHR" ignored="0" name="Add_Item Master Basic Detail - Entry" tests="1" failures="0" timestamp="06 Jun 2022 10:11:46 GMT" time="114.243" errors="0">
  <testcase name="ItemMasterBasicDetailEntryAdd" time="113.976" classname="com.SourcePro.Materials.ItemMasterBasicDetailEntry.ItemMasterBasicDetailEntryIndex"/>
</testsuite> <!-- Add_Item Master Basic Detail - Entry -->
