<?xml version="1.0" encoding="UTF-8"?>
<!-- Generated by org.testng.reporters.JUnitXMLReporter -->
<testsuite hostname="LAPTOP-3NPM5AHR" ignored="1" name="Login_Do Login" tests="1" failures="0" timestamp="06 Jun 2022 10:23:22 GMT" time="16.956" errors="0">
  <testcase name="login" time="16.67" classname="com.SourcePro.Login.LoginIndex"/>
  <testcase name="logout" time="0.0" classname="com.SourcePro.Login.LoginIndex">
    <ignored/>
  </testcase> <!-- logout -->
</testsuite> <!-- Login_Do Login -->
