<?xml version="1.0" encoding="UTF-8"?>
<!-- Generated by org.testng.reporters.JUnitXMLReporter -->
<testsuite hostname="LAPTOP-3NPM5AHR" ignored="1" name="Login_Do Logout" tests="1" failures="0" timestamp="06 Jun 2022 05:42:38 GMT" time="5.132" errors="0">
  <testcase name="logout" time="4.62" classname="com.SourcePro.Login.LoginIndex"/>
  <testcase name="login" time="0.0" classname="com.SourcePro.Login.LoginIndex">
    <ignored/>
  </testcase> <!-- login -->
</testsuite> <!-- Login_Do Logout -->
